<?xml version="1.0" encoding="UTF-8"?>
<!-- Generated by org.testng.reporters.JUnitReportReporter -->
<testsuite skipped="0" hostname="loki" name="TestNG.TestAddressBook" tests="1" failures="0" timestamp="09 Aug 2019 16:20:07 GMT" time="1.573" errors="0">
  <testcase name="verifyAddressBook" time="1.573" classname="TestNG.TestAddressBook"/>
</testsuite> <!-- TestNG.TestAddressBook -->
